<<<<<<< HEAD
﻿Build started 4/9/2014 11:28:50 PM.
=======
﻿Build started 4/9/2014 11:31:56 PM.
>>>>>>> anurag
     1>Project "C:\Users\Anurag\Documents\GitHub\itsatrap\itsatrap\itsatrap\itsatrap.vcxproj" on node 2 (build target(s)).
     1>InitializeBuildStatus:
         Creating "Debug\itsatrap.unsuccessfulbuild" because "AlwaysCreate" was specified.
       ClCompile:
<<<<<<< HEAD
         c:\Program Files (x86)\Microsoft Visual Studio 10.0\VC\bin\CL.exe /c /IC:\Users\Anurag\Documents\GitHub\itsatrap\itsatrap\/glm/ /IC:\Users\Anurag\Documents\GitHub\itsatrap\itsatrap\/glut/include/ /ZI /nologo /W3 /WX- /Od /Oy- /D WIN32 /D _DEBUG /D _CONSOLE /D _UNICODE /D UNICODE /Gm /EHsc /RTC1 /MDd /GS /fp:precise /Zc:wchar_t /Zc:forScope /Fo"Debug\\" /Fd"Debug\vc100.pdb" /Gd /TP /analyze- /errorReport:prompt Camera.cpp cube.cpp Matrix4.cpp Vector3.cpp Vector4.cpp
         Vector4.cpp
     1>c1xx : fatal error C1083: Cannot open source file: 'Vector4.cpp': No such file or directory
         Vector3.cpp
     1>c1xx : fatal error C1083: Cannot open source file: 'Vector3.cpp': No such file or directory
         Matrix4.cpp
     1>c1xx : fatal error C1083: Cannot open source file: 'Matrix4.cpp': No such file or directory
         cube.cpp
     1>c:\users\anurag\documents\github\itsatrap\itsatrap\itsatrap\cube.h(5): fatal error C1083: Cannot open include file: 'Matrix4.h': No such file or directory
         Camera.cpp
     1>c:\users\anurag\documents\github\itsatrap\itsatrap\itsatrap\camera.h(10): fatal error C1083: Cannot open include file: 'Vector3.h': No such file or directory
         Generating Code...
     1>Done Building Project "C:\Users\Anurag\Documents\GitHub\itsatrap\itsatrap\itsatrap\itsatrap.vcxproj" (build target(s)) -- FAILED.
=======
         c:\Program Files (x86)\Microsoft Visual Studio 10.0\VC\bin\CL.exe /c /IC:\Users\Anurag\Documents\GitHub\itsatrap\itsatrap\/glm/ /IC:\Users\Anurag\Documents\GitHub\itsatrap\itsatrap\/glut/include/ /ZI /nologo /W3 /WX- /Od /Oy- /D WIN32 /D _DEBUG /D _CONSOLE /D _UNICODE /D UNICODE /Gm /EHsc /RTC1 /MDd /GS /fp:precise /Zc:wchar_t /Zc:forScope /Fo"Debug\\" /Fd"Debug\vc100.pdb" /Gd /TP /analyze- /errorReport:prompt cube.cpp
         cube.cpp
     1>c:\users\anurag\documents\github\itsatrap\itsatrap\itsatrap\cube.cpp(45): warning C4244: 'argument' : conversion from 'double' to 'GLfloat', possible loss of data
     1>c:\users\anurag\documents\github\itsatrap\itsatrap\itsatrap\cube.cpp(45): warning C4244: 'argument' : conversion from 'double' to 'GLfloat', possible loss of data
     1>c:\users\anurag\documents\github\itsatrap\itsatrap\itsatrap\cube.cpp(45): warning C4244: 'argument' : conversion from 'double' to 'GLfloat', possible loss of data
       ManifestResourceCompile:
         All outputs are up-to-date.
       Link:
         c:\Program Files (x86)\Microsoft Visual Studio 10.0\VC\bin\link.exe /ERRORREPORT:PROMPT /OUT:"C:\Users\Anurag\Documents\GitHub\itsatrap\itsatrap\Debug\itsatrap.exe" /INCREMENTAL /NOLOGO /LIBPATH:C:\Users\Anurag\Documents\GitHub\itsatrap\itsatrap\/glut/lib/ kernel32.lib user32.lib gdi32.lib winspool.lib comdlg32.lib advapi32.lib shell32.lib ole32.lib oleaut32.lib uuid.lib odbc32.lib odbccp32.lib kernel32.lib user32.lib gdi32.lib winspool.lib comdlg32.lib advapi32.lib shell32.lib ole32.lib oleaut32.lib uuid.lib odbc32.lib odbccp32.lib /MANIFEST /ManifestFile:"Debug\itsatrap.exe.intermediate.manifest" /MANIFESTUAC:"level='asInvoker' uiAccess='false'" /DEBUG /PDB:"C:\Users\Anurag\Documents\GitHub\itsatrap\itsatrap\Debug\itsatrap.pdb" /SUBSYSTEM:CONSOLE /TLBID:1 /DYNAMICBASE /NXCOMPAT /IMPLIB:"C:\Users\Anurag\Documents\GitHub\itsatrap\itsatrap\Debug\itsatrap.lib" /MACHINE:X86 Debug\itsatrap.exe.embed.manifest.res
         Debug\Camera.obj
         Debug\cube.obj
         LINK : C:\Users\Anurag\Documents\GitHub\itsatrap\itsatrap\Debug\itsatrap.exe not found or not built by the last incremental link; performing full link
       Manifest:
         C:\Program Files (x86)\Microsoft SDKs\Windows\v7.0A\bin\mt.exe /nologo /verbose /out:"Debug\itsatrap.exe.embed.manifest" /manifest Debug\itsatrap.exe.intermediate.manifest
         All outputs are up-to-date.
       LinkEmbedManifest:
         All outputs are up-to-date.
         itsatrap.vcxproj -> C:\Users\Anurag\Documents\GitHub\itsatrap\itsatrap\Debug\itsatrap.exe
       FinalizeBuildStatus:
         Deleting file "Debug\itsatrap.unsuccessfulbuild".
         Touching "Debug\itsatrap.lastbuildstate".
     1>Done Building Project "C:\Users\Anurag\Documents\GitHub\itsatrap\itsatrap\itsatrap\itsatrap.vcxproj" (build target(s)).
>>>>>>> anurag

Build FAILED.

<<<<<<< HEAD
Time Elapsed 00:00:00.97
=======
Time Elapsed 00:00:01.03
>>>>>>> anurag
