Build started 5/20/2014 6:04:33 PM.
     1>Project "C:\Users\Kevin\Documents\GitHub\itsatrap\itsatrap\Common\Common.vcxproj" on node 2 (Build target(s)).
     1>ClCompile:
         C:\Program Files (x86)\Microsoft Visual Studio 10.0\VC\bin\CL.exe /c /IC:\Users\Kevin\Documents\GitHub\itsatrap\itsatrap\/glm/ /ZI /nologo /W3 /WX- /Od /Oy- /D WIN32 /D _DEBUG /D _WINDOWS /D _USRDLL /D COMMON_EXPORTS /D _WINDLL /D _UNICODE /D UNICODE /Gm /EHsc /RTC1 /MDd /GS /fp:precise /Zc:wchar_t /Zc:forScope /Fo"Debug\\" /Fd"Debug\vc100.pdb" /Gd /TP /analyze- /errorReport:prompt World.cpp
         World.cpp
     1>c:\users\kevin\documents\github\itsatrap\itsatrap\common\world.cpp(19): warning C4244: 'initializing' : conversion from 'float' to 'int', possible loss of data
     1>c:\users\kevin\documents\github\itsatrap\itsatrap\common\world.cpp(20): warning C4244: 'initializing' : conversion from 'float' to 'int', possible loss of data
       Link:
         C:\Program Files (x86)\Microsoft Visual Studio 10.0\VC\bin\link.exe /ERRORREPORT:PROMPT /OUT:"C:\Users\Kevin\Documents\GitHub\itsatrap\itsatrap\Debug\Common.dll" /INCREMENTAL:NO /NOLOGO /LIBPATH:C:\Users\Kevin\Documents\GitHub\itsatrap\itsatrap\Debug\ kernel32.lib user32.lib gdi32.lib winspool.lib comdlg32.lib advapi32.lib shell32.lib ole32.lib oleaut32.lib uuid.lib odbc32.lib odbccp32.lib /MANIFEST /ManifestFile:"Debug\Common.dll.intermediate.manifest" /MANIFESTUAC:"level='asInvoker' uiAccess='false'" /DEBUG /PDB:"C:\Users\Kevin\Documents\GitHub\itsatrap\itsatrap\Debug\Common.pdb" /SUBSYSTEM:WINDOWS /TLBID:1 /DYNAMICBASE /NXCOMPAT /IMPLIB:"C:\Users\Kevin\Documents\GitHub\itsatrap\itsatrap\Debug\Common.lib" /MACHINE:X86 /DLL Debug\ConfigSettings.obj
         Debug\DynamicWorld.obj
         Debug\Stopwatch.obj
         Debug\World.obj
     1>ConfigSettings.obj : warning LNK4075: ignoring '/EDITANDCONTINUE' due to '/INCREMENTAL:NO' specification
            Creating library C:\Users\Kevin\Documents\GitHub\itsatrap\itsatrap\Debug\Common.lib and object C:\Users\Kevin\Documents\GitHub\itsatrap\itsatrap\Debug\Common.exp
     1>World.obj : error LNK2019: unresolved external symbol "public: __thiscall AABB::~AABB(void)" (??1AABB@@QAE@XZ) referenced in function "public: void __thiscall World::updateHeightMap(class AABB)" (?updateHeightMap@World@@QAEXVAABB@@@Z)
     1>C:\Users\Kevin\Documents\GitHub\itsatrap\itsatrap\Debug\Common.dll : fatal error LNK1120: 1 unresolved externals
     1>Done Building Project "C:\Users\Kevin\Documents\GitHub\itsatrap\itsatrap\Common\Common.vcxproj" (Build target(s)) -- FAILED.

Build FAILED.

Time Elapsed 00:00:01.00
